<?xml version="1.0" encoding="UTF-8"?>
<!-- Generated by org.testng.reporters.JUnitReportReporter -->
<testsuite hostname="vivobook-asuslaptop-x512flc-x512fl" failures="0" tests="3" name="com.test.Analytics_Jobs.Jenkinid" time="32.594" errors="0" timestamp="2024-01-30T15:33:44 IST" skipped="0">
  <testcase classname="com.test.Analytics_Jobs.Jenkinid" name="login" time="1.709"/>
  <system-out/>
  <testcase classname="com.test.Analytics_Jobs.Jenkinid" name="analytics" time="9.577"/>
  <system-out/>
  <testcase classname="com.test.Analytics_Jobs.Jenkinid" name="jobs" time="21.308"/>
  <system-out/>
</testsuite> <!-- com.test.Analytics_Jobs.Jenkinid -->
